  [1m[35m (0.1ms)[0m  [1m[34mSELECT sqlite_version(*)[0m
  â†³ bin/rails:9
  [1m[35m (28.7ms)[0m  [1m[35mCREATE TABLE "schema_migrations" ("version" varchar NOT NULL PRIMARY KEY)[0m
  â†³ bin/rails:9
  [1m[35m (3.4ms)[0m  [1m[35mCREATE TABLE "ar_internal_metadata" ("key" varchar NOT NULL PRIMARY KEY, "value" varchar, "created_at" datetime NOT NULL, "updated_at" datetime NOT NULL)[0m
  â†³ bin/rails:9
  [1m[35m (0.1ms)[0m  [1m[34mSELECT "schema_migrations"."version" FROM "schema_migrations" ORDER BY "schema_migrations"."version" ASC[0m
  â†³ bin/rails:9
Migrating to DeviseCreateUsers (20181107100330)
  [1m[35m (0.1ms)[0m  [1m[36mbegin transaction[0m
  â†³ bin/rails:9
  [1m[35m (1.4ms)[0m  [1m[35mCREATE TABLE "users" ("id" integer PRIMARY KEY AUTOINCREMENT NOT NULL, "email" varchar DEFAULT '' NOT NULL, "encrypted_password" varchar DEFAULT '' NOT NULL, "reset_password_token" varchar, "reset_password_sent_at" datetime, "remember_created_at" datetime, "created_at" datetime NOT NULL, "updated_at" datetime NOT NULL)[0m
  â†³ db/migrate/20181107100330_devise_create_users.rb:5
  [1m[35m (0.1ms)[0m  [1m[35mCREATE UNIQUE INDEX "index_users_on_email" ON "users" ("email")[0m
  â†³ db/migrate/20181107100330_devise_create_users.rb:39
  [1m[35m (0.1ms)[0m  [1m[35mCREATE UNIQUE INDEX "index_users_on_reset_password_token" ON "users" ("reset_password_token")[0m
  â†³ db/migrate/20181107100330_devise_create_users.rb:40
  [1m[36mActiveRecord::SchemaMigration Create (2.8ms)[0m  [1m[32mINSERT INTO "schema_migrations" ("version") VALUES (?)[0m  [["version", "20181107100330"]]
  â†³ bin/rails:9
  [1m[35m (5.0ms)[0m  [1m[36mcommit transaction[0m
  â†³ bin/rails:9
  [1m[36mActiveRecord::InternalMetadata Load (4.9ms)[0m  [1m[34mSELECT  "ar_internal_metadata".* FROM "ar_internal_metadata" WHERE "ar_internal_metadata"."key" = ? LIMIT ?[0m  [["key", "environment"], ["LIMIT", 1]]
  â†³ bin/rails:9
  [1m[35m (0.1ms)[0m  [1m[36mbegin transaction[0m
  â†³ bin/rails:9
  [1m[36mActiveRecord::InternalMetadata Create (5.5ms)[0m  [1m[32mINSERT INTO "ar_internal_metadata" ("key", "value", "created_at", "updated_at") VALUES (?, ?, ?, ?)[0m  [["key", "environment"], ["value", "development"], ["created_at", "2018-11-07 10:39:30.876225"], ["updated_at", "2018-11-07 10:39:30.876225"]]
  â†³ bin/rails:9
  [1m[35m (1.7ms)[0m  [1m[36mcommit transaction[0m
  â†³ bin/rails:9
  [1m[35m (0.1ms)[0m  [1m[34mSELECT "schema_migrations"."version" FROM "schema_migrations" ORDER BY "schema_migrations"."version" ASC[0m
  â†³ bin/rails:9
Started GET "/" for 127.0.0.1 at 2018-11-07 11:45:39 +0100
  [1m[35m (0.1ms)[0m  [1m[34mSELECT "schema_migrations"."version" FROM "schema_migrations" ORDER BY "schema_migrations"."version" ASC[0m
  â†³ /home/ynov/.rvm/gems/ruby-2.4.1/gems/activerecord-5.2.1/lib/active_record/log_subscriber.rb:98
  
LoadError (Unable to autoload constant HomeController, expected /home/ynov/Projet_Test/app/controllers/home_controller.rb to define it):
  
activesupport (5.2.1) lib/active_support/dependencies.rb:507:in `load_missing_constant'
bootsnap (1.3.2) lib/bootsnap/load_path_cache/core_ext/active_support.rb:58:in `block in load_missing_constant'
bootsnap (1.3.2) lib/bootsnap/load_path_cache/core_ext/active_support.rb:16:in `allow_bootsnap_retry'
bootsnap (1.3.2) lib/bootsnap/load_path_cache/core_ext/active_support.rb:57:in `load_missing_constant'
activesupport (5.2.1) lib/active_support/dependencies.rb:193:in `const_missing'
activesupport (5.2.1) lib/active_support/inflector/methods.rb:283:in `const_get'
activesupport (5.2.1) lib/active_support/inflector/methods.rb:283:in `block in constantize'
activesupport (5.2.1) lib/active_support/inflector/methods.rb:281:in `each'
activesupport (5.2.1) lib/active_support/inflector/methods.rb:281:in `inject'
activesupport (5.2.1) lib/active_support/inflector/methods.rb:281:in `constantize'
activesupport (5.2.1) lib/active_support/dependencies.rb:578:in `get'
activesupport (5.2.1) lib/active_support/dependencies.rb:609:in `constantize'
actionpack (5.2.1) lib/action_dispatch/http/request.rb:88:in `controller_class_for'
actionpack (5.2.1) lib/action_dispatch/http/parameters.rb:101:in `binary_params_for?'
actionpack (5.2.1) lib/action_dispatch/http/parameters.rb:92:in `set_binary_encoding'
actionpack (5.2.1) lib/action_dispatch/http/parameters.rb:69:in `path_parameters='
actionpack (5.2.1) lib/action_dispatch/journey/router.rb:50:in `block in serve'
actionpack (5.2.1) lib/action_dispatch/journey/router.rb:35:in `each'
actionpack (5.2.1) lib/action_dispatch/journey/router.rb:35:in `serve'
actionpack (5.2.1) lib/action_dispatch/routing/route_set.rb:840:in `call'
warden (1.2.7) lib/warden/manager.rb:36:in `block in call'
warden (1.2.7) lib/warden/manager.rb:35:in `catch'
warden (1.2.7) lib/warden/manager.rb:35:in `call'
rack (2.0.6) lib/rack/tempfile_reaper.rb:15:in `call'
rack (2.0.6) lib/rack/etag.rb:25:in `call'
rack (2.0.6) lib/rack/conditional_get.rb:25:in `call'
rack (2.0.6) lib/rack/head.rb:12:in `call'
actionpack (5.2.1) lib/action_dispatch/http/content_security_policy.rb:18:in `call'
rack (2.0.6) lib/rack/session/abstract/id.rb:232:in `context'
rack (2.0.6) lib/rack/session/abstract/id.rb:226:in `call'
actionpack (5.2.1) lib/action_dispatch/middleware/cookies.rb:670:in `call'
activerecord (5.2.1) lib/active_record/migration.rb:559:in `call'
actionpack (5.2.1) lib/action_dispatch/middleware/callbacks.rb:28:in `block in call'
activesupport (5.2.1) lib/active_support/callbacks.rb:98:in `run_callbacks'
actionpack (5.2.1) lib/action_dispatch/middleware/callbacks.rb:26:in `call'
actionpack (5.2.1) lib/action_dispatch/middleware/executor.rb:14:in `call'
actionpack (5.2.1) lib/action_dispatch/middleware/debug_exceptions.rb:61:in `call'
web-console (3.7.0) lib/web_console/middleware.rb:135:in `call_app'
web-console (3.7.0) lib/web_console/middleware.rb:30:in `block in call'
web-console (3.7.0) lib/web_console/middleware.rb:20:in `catch'
web-console (3.7.0) lib/web_console/middleware.rb:20:in `call'
actionpack (5.2.1) lib/action_dispatch/middleware/show_exceptions.rb:33:in `call'
railties (5.2.1) lib/rails/rack/logger.rb:38:in `call_app'
railties (5.2.1) lib/rails/rack/logger.rb:26:in `block in call'
activesupport (5.2.1) lib/active_support/tagged_logging.rb:71:in `block in tagged'
activesupport (5.2.1) lib/active_support/tagged_logging.rb:28:in `tagged'
activesupport (5.2.1) lib/active_support/tagged_logging.rb:71:in `tagged'
railties (5.2.1) lib/rails/rack/logger.rb:26:in `call'
sprockets-rails (3.2.1) lib/sprockets/rails/quiet_assets.rb:13:in `call'
actionpack (5.2.1) lib/action_dispatch/middleware/remote_ip.rb:81:in `call'
actionpack (5.2.1) lib/action_dispatch/middleware/request_id.rb:27:in `call'
rack (2.0.6) lib/rack/method_override.rb:22:in `call'
rack (2.0.6) lib/rack/runtime.rb:22:in `call'
activesupport (5.2.1) lib/active_support/cache/strategy/local_cache_middleware.rb:29:in `call'
actionpack (5.2.1) lib/action_dispatch/middleware/executor.rb:14:in `call'
actionpack (5.2.1) lib/action_dispatch/middleware/static.rb:127:in `call'
rack (2.0.6) lib/rack/sendfile.rb:111:in `call'
railties (5.2.1) lib/rails/engine.rb:524:in `call'
puma (3.12.0) lib/puma/configuration.rb:225:in `call'
puma (3.12.0) lib/puma/server.rb:658:in `handle_request'
puma (3.12.0) lib/puma/server.rb:472:in `process_client'
puma (3.12.0) lib/puma/server.rb:332:in `block in run'
puma (3.12.0) lib/puma/thread_pool.rb:133:in `block in spawn_thread'
Started GET "/" for 127.0.0.1 at 2018-11-07 11:46:38 +0100
  
LoadError (Unable to autoload constant HomeController, expected /home/ynov/Projet_Test/app/controllers/home_controller.rb to define it):
  
activesupport (5.2.1) lib/active_support/dependencies.rb:507:in `load_missing_constant'
bootsnap (1.3.2) lib/bootsnap/load_path_cache/core_ext/active_support.rb:58:in `block in load_missing_constant'
bootsnap (1.3.2) lib/bootsnap/load_path_cache/core_ext/active_support.rb:16:in `allow_bootsnap_retry'
bootsnap (1.3.2) lib/bootsnap/load_path_cache/core_ext/active_support.rb:57:in `load_missing_constant'
activesupport (5.2.1) lib/active_support/dependencies.rb:193:in `const_missing'
activesupport (5.2.1) lib/active_support/inflector/methods.rb:283:in `const_get'
activesupport (5.2.1) lib/active_support/inflector/methods.rb:283:in `block in constantize'
activesupport (5.2.1) lib/active_support/inflector/methods.rb:281:in `each'
activesupport (5.2.1) lib/active_support/inflector/methods.rb:281:in `inject'
activesupport (5.2.1) lib/active_support/inflector/methods.rb:281:in `constantize'
activesupport (5.2.1) lib/active_support/dependencies.rb:578:in `get'
activesupport (5.2.1) lib/active_support/dependencies.rb:609:in `constantize'
actionpack (5.2.1) lib/action_dispatch/http/request.rb:88:in `controller_class_for'
actionpack (5.2.1) lib/action_dispatch/http/parameters.rb:101:in `binary_params_for?'
actionpack (5.2.1) lib/action_dispatch/http/parameters.rb:92:in `set_binary_encoding'
actionpack (5.2.1) lib/action_dispatch/http/parameters.rb:69:in `path_parameters='
actionpack (5.2.1) lib/action_dispatch/journey/router.rb:50:in `block in serve'
actionpack (5.2.1) lib/action_dispatch/journey/router.rb:35:in `each'
actionpack (5.2.1) lib/action_dispatch/journey/router.rb:35:in `serve'
actionpack (5.2.1) lib/action_dispatch/routing/route_set.rb:840:in `call'
warden (1.2.7) lib/warden/manager.rb:36:in `block in call'
warden (1.2.7) lib/warden/manager.rb:35:in `catch'
warden (1.2.7) lib/warden/manager.rb:35:in `call'
rack (2.0.6) lib/rack/tempfile_reaper.rb:15:in `call'
rack (2.0.6) lib/rack/etag.rb:25:in `call'
rack (2.0.6) lib/rack/conditional_get.rb:25:in `call'
rack (2.0.6) lib/rack/head.rb:12:in `call'
actionpack (5.2.1) lib/action_dispatch/http/content_security_policy.rb:18:in `call'
rack (2.0.6) lib/rack/session/abstract/id.rb:232:in `context'
rack (2.0.6) lib/rack/session/abstract/id.rb:226:in `call'
actionpack (5.2.1) lib/action_dispatch/middleware/cookies.rb:670:in `call'
activerecord (5.2.1) lib/active_record/migration.rb:559:in `call'
actionpack (5.2.1) lib/action_dispatch/middleware/callbacks.rb:28:in `block in call'
activesupport (5.2.1) lib/active_support/callbacks.rb:98:in `run_callbacks'
actionpack (5.2.1) lib/action_dispatch/middleware/callbacks.rb:26:in `call'
actionpack (5.2.1) lib/action_dispatch/middleware/executor.rb:14:in `call'
actionpack (5.2.1) lib/action_dispatch/middleware/debug_exceptions.rb:61:in `call'
web-console (3.7.0) lib/web_console/middleware.rb:135:in `call_app'
web-console (3.7.0) lib/web_console/middleware.rb:30:in `block in call'
web-console (3.7.0) lib/web_console/middleware.rb:20:in `catch'
web-console (3.7.0) lib/web_console/middleware.rb:20:in `call'
actionpack (5.2.1) lib/action_dispatch/middleware/show_exceptions.rb:33:in `call'
railties (5.2.1) lib/rails/rack/logger.rb:38:in `call_app'
railties (5.2.1) lib/rails/rack/logger.rb:26:in `block in call'
activesupport (5.2.1) lib/active_support/tagged_logging.rb:71:in `block in tagged'
activesupport (5.2.1) lib/active_support/tagged_logging.rb:28:in `tagged'
activesupport (5.2.1) lib/active_support/tagged_logging.rb:71:in `tagged'
railties (5.2.1) lib/rails/rack/logger.rb:26:in `call'
sprockets-rails (3.2.1) lib/sprockets/rails/quiet_assets.rb:13:in `call'
actionpack (5.2.1) lib/action_dispatch/middleware/remote_ip.rb:81:in `call'
actionpack (5.2.1) lib/action_dispatch/middleware/request_id.rb:27:in `call'
rack (2.0.6) lib/rack/method_override.rb:22:in `call'
rack (2.0.6) lib/rack/runtime.rb:22:in `call'
activesupport (5.2.1) lib/active_support/cache/strategy/local_cache_middleware.rb:29:in `call'
actionpack (5.2.1) lib/action_dispatch/middleware/executor.rb:14:in `call'
actionpack (5.2.1) lib/action_dispatch/middleware/static.rb:127:in `call'
rack (2.0.6) lib/rack/sendfile.rb:111:in `call'
railties (5.2.1) lib/rails/engine.rb:524:in `call'
puma (3.12.0) lib/puma/configuration.rb:225:in `call'
puma (3.12.0) lib/puma/server.rb:658:in `handle_request'
puma (3.12.0) lib/puma/server.rb:472:in `process_client'
puma (3.12.0) lib/puma/server.rb:332:in `block in run'
puma (3.12.0) lib/puma/thread_pool.rb:133:in `block in spawn_thread'
Started GET "/" for 127.0.0.1 at 2018-11-07 11:47:29 +0100
Processing by HomeController#index as HTML
  Rendering home/index.html.erb within layouts/application
  Rendered home/index.html.erb within layouts/application (0.3ms)
Completed 200 OK in 497ms (Views: 496.6ms | ActiveRecord: 0.0ms)


Started GET "/" for 127.0.0.1 at 2018-11-07 11:50:29 +0100
Processing by HomeController#index as HTML
  Rendering home/index.html.erb within layouts/application
  Rendered home/index.html.erb within layouts/application (0.3ms)
Completed 200 OK in 83ms (Views: 82.3ms | ActiveRecord: 0.0ms)


Started GET "/" for 127.0.0.1 at 2018-11-07 11:50:41 +0100
Processing by HomeController#index as HTML
  Rendering home/index.html.erb within layouts/application
  Rendered home/index.html.erb within layouts/application (0.2ms)
Completed 200 OK in 38ms (Views: 37.0ms | ActiveRecord: 0.0ms)


Started GET "/" for 127.0.0.1 at 2018-11-07 11:50:57 +0100
Processing by HomeController#index as HTML
  Rendering home/index.html.erb within layouts/application
  Rendered home/index.html.erb within layouts/application (0.2ms)
Completed 200 OK in 37ms (Views: 36.6ms | ActiveRecord: 0.0ms)


Started GET "/" for 127.0.0.1 at 2018-11-07 16:16:37 +0100
  [1m[35m (0.2ms)[0m  [1m[34mSELECT "schema_migrations"."version" FROM "schema_migrations" ORDER BY "schema_migrations"."version" ASC[0m
  â†³ /home/ynov/.rvm/gems/ruby-2.4.1/gems/activerecord-5.2.1/lib/active_record/log_subscriber.rb:98
Processing by HomeController#index as HTML
  Rendering home/index.html.erb within layouts/application
  Rendered home/index.html.erb within layouts/application (1.9ms)
Completed 200 OK in 412ms (Views: 402.2ms | ActiveRecord: 0.0ms)


Started GET "/" for 127.0.0.1 at 2018-11-07 16:18:47 +0100
Processing by HomeController#index as HTML
Completed 500 Internal Server Error in 8ms (ActiveRecord: 0.0ms)


  
RuntimeError (nil):
  
app/controllers/home_controller.rb:4:in `index'
Started GET "/" for 127.0.0.1 at 2018-11-07 16:22:17 +0100
Processing by HomeController#index as HTML
  Rendering home/index.html.erb within layouts/application
  Rendered home/index.html.erb within layouts/application (2.7ms)
Completed 500 Internal Server Error in 13ms (ActiveRecord: 0.0ms)


  
ActionView::Template::Error (undefined method `email' for nil:NilClass):
    1: <%= "Hello #{current_user.email}"%>
    2: 
    3: 
    4: <p> toto</p>
  
app/views/home/index.html.erb:1:in `_app_views_home_index_html_erb___3182197963762755835_70005686238020'
Started GET "/users/sign_in" for 127.0.0.1 at 2018-11-07 16:22:48 +0100
Processing by Devise::SessionsController#new as HTML
  Rendering /home/ynov/.rvm/gems/ruby-2.4.1/gems/devise-4.5.0/app/views/devise/sessions/new.html.erb within layouts/application
  Rendered /home/ynov/.rvm/gems/ruby-2.4.1/gems/devise-4.5.0/app/views/devise/shared/_links.html.erb (1.0ms)
  Rendered /home/ynov/.rvm/gems/ruby-2.4.1/gems/devise-4.5.0/app/views/devise/sessions/new.html.erb within layouts/application (43.7ms)
Completed 200 OK in 82ms (Views: 66.1ms | ActiveRecord: 4.2ms)


Started GET "/users/sign_up" for 127.0.0.1 at 2018-11-07 16:22:52 +0100
Processing by Devise::RegistrationsController#new as HTML
  Rendering /home/ynov/.rvm/gems/ruby-2.4.1/gems/devise-4.5.0/app/views/devise/registrations/new.html.erb within layouts/application
  Rendered /home/ynov/.rvm/gems/ruby-2.4.1/gems/devise-4.5.0/app/views/devise/shared/_links.html.erb (1.0ms)
  Rendered /home/ynov/.rvm/gems/ruby-2.4.1/gems/devise-4.5.0/app/views/devise/registrations/new.html.erb within layouts/application (11.4ms)
Completed 200 OK in 41ms (Views: 36.7ms | ActiveRecord: 0.0ms)


Started POST "/users" for 127.0.0.1 at 2018-11-07 16:23:07 +0100
Processing by Devise::RegistrationsController#create as HTML
  Parameters: {"utf8"=>"âœ“", "authenticity_token"=>"svBVteNDY0SAVWL4GI3Ktwj7ON2+w80YGyIetf2+1uY616aegU6eLy9f86RcufNrLbwNzdtfr09ywTGL/02hTg==", "user"=>{"email"=>"issam@gmail.com", "password"=>"[FILTERED]", "password_confirmation"=>"[FILTERED]"}, "commit"=>"Sign up"}
  [1m[35m (0.1ms)[0m  [1m[36mbegin transaction[0m
  â†³ /home/ynov/.rvm/gems/ruby-2.4.1/gems/activerecord-5.2.1/lib/active_record/log_subscriber.rb:98
  [1m[36mUser Exists (0.2ms)[0m  [1m[34mSELECT  1 AS one FROM "users" WHERE "users"."email" = ? LIMIT ?[0m  [["email", "issam@gmail.com"], ["LIMIT", 1]]
  â†³ /home/ynov/.rvm/gems/ruby-2.4.1/gems/activerecord-5.2.1/lib/active_record/log_subscriber.rb:98
  [1m[36mUser Create (6.0ms)[0m  [1m[32mINSERT INTO "users" ("email", "encrypted_password", "created_at", "updated_at") VALUES (?, ?, ?, ?)[0m  [["email", "issam@gmail.com"], ["encrypted_password", "$2a$11$PrQ49szZGzX1lNywkLCFXenfGX5wVI4GkqQ5fn0cnRyHYxUdqrbdy"], ["created_at", "2018-11-07 15:23:07.750087"], ["updated_at", "2018-11-07 15:23:07.750087"]]
  â†³ /home/ynov/.rvm/gems/ruby-2.4.1/gems/activerecord-5.2.1/lib/active_record/log_subscriber.rb:98
  [1m[35m (2.9ms)[0m  [1m[36mcommit transaction[0m
  â†³ /home/ynov/.rvm/gems/ruby-2.4.1/gems/activerecord-5.2.1/lib/active_record/log_subscriber.rb:98
Redirected to http://localhost:3000/
Completed 302 Found in 317ms (ActiveRecord: 9.1ms)


Started GET "/" for 127.0.0.1 at 2018-11-07 16:23:07 +0100
Processing by HomeController#index as HTML
  Rendering home/index.html.erb within layouts/application
  [1m[36mUser Load (0.2ms)[0m  [1m[34mSELECT  "users".* FROM "users" WHERE "users"."id" = ? ORDER BY "users"."id" ASC LIMIT ?[0m  [["id", 1], ["LIMIT", 1]]
  â†³ app/views/home/index.html.erb:1
  Rendered home/index.html.erb within layouts/application (14.3ms)
Completed 200 OK in 49ms (Views: 48.3ms | ActiveRecord: 0.2ms)


Started GET "/" for 127.0.0.1 at 2018-11-07 16:23:15 +0100
Processing by HomeController#index as HTML
  Rendering home/index.html.erb within layouts/application
  [1m[36mUser Load (0.1ms)[0m  [1m[34mSELECT  "users".* FROM "users" WHERE "users"."id" = ? ORDER BY "users"."id" ASC LIMIT ?[0m  [["id", 1], ["LIMIT", 1]]
  â†³ app/views/home/index.html.erb:1
  Rendered home/index.html.erb within layouts/application (1.2ms)
Completed 200 OK in 33ms (Views: 32.5ms | ActiveRecord: 0.1ms)


Started GET "/" for 127.0.0.1 at 2018-11-07 16:25:55 +0100
Processing by HomeController#index as HTML
  Rendering home/index.html.erb within layouts/application
  Rendered home/index.html.erb within layouts/application (0.5ms)
Completed 500 Internal Server Error in 4ms (ActiveRecord: 0.0ms)


  
SyntaxError (/home/ynov/Projet_Test/app/views/home/index.html.erb:8: syntax error, unexpected keyword_ensure, expecting keyword_end
          ensure
                ^):
  
app/views/home/index.html.erb:8: syntax error, unexpected keyword_ensure, expecting keyword_end
Started GET "/" for 127.0.0.1 at 2018-11-07 16:26:52 +0100
Processing by HomeController#index as HTML
  Rendering home/index.html.erb within layouts/application
  [1m[36mUser Load (0.1ms)[0m  [1m[34mSELECT  "users".* FROM "users" WHERE "users"."id" = ? ORDER BY "users"."id" ASC LIMIT ?[0m  [["id", 1], ["LIMIT", 1]]
  â†³ app/views/home/index.html.erb:1
  Rendered home/index.html.erb within layouts/application (1.6ms)
Completed 200 OK in 38ms (Views: 37.5ms | ActiveRecord: 0.1ms)


Started GET "/" for 127.0.0.1 at 2018-11-07 16:27:23 +0100
Processing by HomeController#index as HTML
  Rendering home/index.html.erb within layouts/application
  [1m[36mUser Load (0.2ms)[0m  [1m[34mSELECT  "users".* FROM "users" WHERE "users"."id" = ? ORDER BY "users"."id" ASC LIMIT ?[0m  [["id", 1], ["LIMIT", 1]]
  â†³ app/views/home/index.html.erb:1
  Rendered home/index.html.erb within layouts/application (3.7ms)
Completed 200 OK in 39ms (Views: 38.1ms | ActiveRecord: 0.2ms)


Started POST "/" for 127.0.0.1 at 2018-11-07 16:29:34 +0100
  
ActionController::RoutingError (No route matches [POST] "/"):
  
actionpack (5.2.1) lib/action_dispatch/middleware/debug_exceptions.rb:65:in `call'
web-console (3.7.0) lib/web_console/middleware.rb:135:in `call_app'
web-console (3.7.0) lib/web_console/middleware.rb:30:in `block in call'
web-console (3.7.0) lib/web_console/middleware.rb:20:in `catch'
web-console (3.7.0) lib/web_console/middleware.rb:20:in `call'
actionpack (5.2.1) lib/action_dispatch/middleware/show_exceptions.rb:33:in `call'
railties (5.2.1) lib/rails/rack/logger.rb:38:in `call_app'
railties (5.2.1) lib/rails/rack/logger.rb:26:in `block in call'
activesupport (5.2.1) lib/active_support/tagged_logging.rb:71:in `block in tagged'
activesupport (5.2.1) lib/active_support/tagged_logging.rb:28:in `tagged'
activesupport (5.2.1) lib/active_support/tagged_logging.rb:71:in `tagged'
railties (5.2.1) lib/rails/rack/logger.rb:26:in `call'
sprockets-rails (3.2.1) lib/sprockets/rails/quiet_assets.rb:13:in `call'
actionpack (5.2.1) lib/action_dispatch/middleware/remote_ip.rb:81:in `call'
actionpack (5.2.1) lib/action_dispatch/middleware/request_id.rb:27:in `call'
rack (2.0.6) lib/rack/method_override.rb:22:in `call'
rack (2.0.6) lib/rack/runtime.rb:22:in `call'
activesupport (5.2.1) lib/active_support/cache/strategy/local_cache_middleware.rb:29:in `call'
actionpack (5.2.1) lib/action_dispatch/middleware/executor.rb:14:in `call'
actionpack (5.2.1) lib/action_dispatch/middleware/static.rb:127:in `call'
rack (2.0.6) lib/rack/sendfile.rb:111:in `call'
railties (5.2.1) lib/rails/engine.rb:524:in `call'
puma (3.12.0) lib/puma/configuration.rb:225:in `call'
puma (3.12.0) lib/puma/server.rb:658:in `handle_request'
puma (3.12.0) lib/puma/server.rb:472:in `process_client'
puma (3.12.0) lib/puma/server.rb:332:in `block in run'
puma (3.12.0) lib/puma/thread_pool.rb:133:in `block in spawn_thread'
Started GET "/" for 127.0.0.1 at 2018-11-07 16:30:31 +0100
Processing by HomeController#index as HTML
  Rendering home/index.html.erb within layouts/application
  [1m[36mUser Load (0.2ms)[0m  [1m[34mSELECT  "users".* FROM "users" WHERE "users"."id" = ? ORDER BY "users"."id" ASC LIMIT ?[0m  [["id", 1], ["LIMIT", 1]]
  â†³ app/views/home/index.html.erb:1
  Rendered home/index.html.erb within layouts/application (502.8ms)
Completed 500 Internal Server Error in 509ms (ActiveRecord: 1.0ms)


  
ActionView::Template::Error (undefined local variable or method `homepage_index_path' for #<#<Class:0x007f56f0185c88>:0x007f56f017fdb0>
Did you mean?  home_index_path):
    1: <%= "Hello #{current_user.email}"%>
    2: 
    3: <%= form_tag homepage_index_path, method: :post do %>
    4: <%= text_area_tag 'comment', nil  %>
    5: </br>
    6: <%= submit_tag "Save" %>
  
app/views/home/index.html.erb:3:in `_app_views_home_index_html_erb___3182197963762755835_70005686023120'
Started GET "/" for 127.0.0.1 at 2018-11-07 16:31:17 +0100
Processing by HomeController#index as HTML
  Rendering home/index.html.erb within layouts/application
  [1m[36mUser Load (0.2ms)[0m  [1m[34mSELECT  "users".* FROM "users" WHERE "users"."id" = ? ORDER BY "users"."id" ASC LIMIT ?[0m  [["id", 1], ["LIMIT", 1]]
  â†³ app/views/home/index.html.erb:1
  Rendered home/index.html.erb within layouts/application (520.4ms)
Completed 500 Internal Server Error in 533ms (ActiveRecord: 0.2ms)


  
ActionView::Template::Error (undefined local variable or method `homepage_index_path' for #<#<Class:0x007f56f0185c88>:0x007f56f00955f8>
Did you mean?  home_index_path):
    1: <%= "Hello #{current_user.email}"%>
    2: 
    3: <%= form_tag homepage_index_path, method: :post do %>
    4: <%= text_area_tag 'comment', nil  %>
    5: </br>
    6: <%= submit_tag "Save" %>
  
app/views/home/index.html.erb:3:in `_app_views_home_index_html_erb___3182197963762755835_70005685530780'
Started GET "/" for 127.0.0.1 at 2018-11-07 16:31:43 +0100
Processing by HomeController#index as HTML
  Rendering home/index.html.erb within layouts/application
  [1m[36mUser Load (0.2ms)[0m  [1m[34mSELECT  "users".* FROM "users" WHERE "users"."id" = ? ORDER BY "users"."id" ASC LIMIT ?[0m  [["id", 1], ["LIMIT", 1]]
  â†³ app/views/home/index.html.erb:1
  Rendered home/index.html.erb within layouts/application (4.4ms)
Completed 200 OK in 31ms (Views: 30.2ms | ActiveRecord: 0.2ms)


Started POST "/home" for 127.0.0.1 at 2018-11-07 16:31:46 +0100
Processing by HomeController#create as HTML
  Parameters: {"utf8"=>"âœ“", "authenticity_token"=>"cbgYVEFF2P/dOxSpeDtZOzm80ChfCeSeJnJ9wuy87DnX02TKs/coX23JdwamIUNrd3bUJm+647ltPYDLikSXXA==", "comment"=>"sdfdsfsf", "commit"=>"Save"}
Completed 500 Internal Server Error in 1ms (ActiveRecord: 0.0ms)


  
RuntimeError (<ActionController::Parameters {"utf8"=>"âœ“", "authenticity_token"=>"cbgYVEFF2P/dOxSpeDtZOzm80ChfCeSeJnJ9wuy87DnX02TKs/coX23JdwamIUNrd3bUJm+647ltPYDLikSXXA==", "comment"=>"sdfdsfsf", "commit"=>"Save", "controller"=>"home", "action"=>"create"} permitted: false>):
  
app/controllers/home_controller.rb:8:in `create'
Started POST "/home" for 127.0.0.1 at 2018-11-07 16:32:15 +0100
Processing by HomeController#create as HTML
  Parameters: {"utf8"=>"âœ“", "authenticity_token"=>"cbgYVEFF2P/dOxSpeDtZOzm80ChfCeSeJnJ9wuy87DnX02TKs/coX23JdwamIUNrd3bUJm+647ltPYDLikSXXA==", "comment"=>"sdfdsfsf", "commit"=>"Save"}
Completed 500 Internal Server Error in 7ms (ActiveRecord: 0.0ms)


  
NoMethodError (undefined method `comment' for #<ActionController::Parameters:0x007f56f07147a8>):
  
app/controllers/home_controller.rb:8:in `create'
Started POST "/home" for 127.0.0.1 at 2018-11-07 16:32:56 +0100
Processing by HomeController#create as HTML
  Parameters: {"utf8"=>"âœ“", "authenticity_token"=>"cbgYVEFF2P/dOxSpeDtZOzm80ChfCeSeJnJ9wuy87DnX02TKs/coX23JdwamIUNrd3bUJm+647ltPYDLikSXXA==", "comment"=>"sdfdsfsf", "commit"=>"Save"}
Completed 500 Internal Server Error in 1ms (ActiveRecord: 0.0ms)


  
RuntimeError ("sdfdsfsf"):
  
app/controllers/home_controller.rb:8:in `create'
  [1m[35m (0.1ms)[0m  [1m[34mSELECT "schema_migrations"."version" FROM "schema_migrations" ORDER BY "schema_migrations"."version" ASC[0m
  â†³ bin/rails:9
Migrating to CreateComments (20181107153419)
  [1m[35m (0.0ms)[0m  [1m[36mbegin transaction[0m
  â†³ bin/rails:9
  [1m[35m (0.1ms)[0m  [1m[34mSELECT sqlite_version(*)[0m
  â†³ db/migrate/20181107153419_create_comments.rb:3
  [1m[35m (4.4ms)[0m  [1m[35mCREATE TABLE "comments" ("id" integer PRIMARY KEY AUTOINCREMENT NOT NULL, "created_at" datetime NOT NULL, "updated_at" datetime NOT NULL, "content" text)[0m
  â†³ db/migrate/20181107153419_create_comments.rb:3
  [1m[36mActiveRecord::SchemaMigration Create (0.1ms)[0m  [1m[32mINSERT INTO "schema_migrations" ("version") VALUES (?)[0m  [["version", "20181107153419"]]
  â†³ bin/rails:9
  [1m[35m (8.9ms)[0m  [1m[36mcommit transaction[0m
  â†³ bin/rails:9
  [1m[36mActiveRecord::InternalMetadata Load (0.2ms)[0m  [1m[34mSELECT  "ar_internal_metadata".* FROM "ar_internal_metadata" WHERE "ar_internal_metadata"."key" = ? LIMIT ?[0m  [["key", "environment"], ["LIMIT", 1]]
  â†³ bin/rails:9
  [1m[35m (0.0ms)[0m  [1m[36mbegin transaction[0m
  â†³ bin/rails:9
  [1m[35m (0.0ms)[0m  [1m[36mcommit transaction[0m
  â†³ bin/rails:9
  [1m[35m (0.1ms)[0m  [1m[34mSELECT "schema_migrations"."version" FROM "schema_migrations" ORDER BY "schema_migrations"."version" ASC[0m
  â†³ bin/rails:9
Started GET "/" for 127.0.0.1 at 2018-11-07 16:39:27 +0100
  [1m[35m (0.1ms)[0m  [1m[34mSELECT "schema_migrations"."version" FROM "schema_migrations" ORDER BY "schema_migrations"."version" ASC[0m
  â†³ /home/ynov/.rvm/gems/ruby-2.4.1/gems/activerecord-5.2.1/lib/active_record/log_subscriber.rb:98
Processing by HomeController#index as HTML
  Rendering home/index.html.erb within layouts/application
  [1m[36mUser Load (0.4ms)[0m  [1m[34mSELECT  "users".* FROM "users" WHERE "users"."id" = ? ORDER BY "users"."id" ASC LIMIT ?[0m  [["id", 1], ["LIMIT", 1]]
  â†³ app/views/home/index.html.erb:1
  Rendered home/index.html.erb within layouts/application (26.6ms)
Completed 200 OK in 410ms (Views: 398.8ms | ActiveRecord: 1.6ms)


Started GET "/" for 127.0.0.1 at 2018-11-07 16:42:32 +0100
Processing by HomeController#index as HTML
Completed 500 Internal Server Error in 2ms (ActiveRecord: 0.0ms)


  
NameError (uninitialized constant HomeController::Comment):
  
app/controllers/home_controller.rb:4:in `index'
Started GET "/" for 127.0.0.1 at 2018-11-07 16:43:39 +0100
Processing by HomeController#index as HTML
Completed 500 Internal Server Error in 1ms (ActiveRecord: 0.0ms)


  
NameError (uninitialized constant HomeController::Comment):
  
app/controllers/home_controller.rb:4:in `index'
Started GET "/" for 127.0.0.1 at 2018-11-07 16:43:41 +0100
Processing by HomeController#index as HTML
Completed 500 Internal Server Error in 2ms (ActiveRecord: 0.0ms)


  
NameError (uninitialized constant HomeController::Comment):
  
app/controllers/home_controller.rb:4:in `index'
Started GET "/" for 127.0.0.1 at 2018-11-07 16:44:24 +0100
Processing by HomeController#index as HTML
Completed 500 Internal Server Error in 1ms (ActiveRecord: 0.0ms)


  
NameError (uninitialized constant HomeController::Comment):
  
app/controllers/home_controller.rb:4:in `index'
Started GET "/" for 127.0.0.1 at 2018-11-07 16:44:53 +0100
Processing by HomeController#index as HTML
Completed 500 Internal Server Error in 1ms (ActiveRecord: 0.0ms)


  
NameError (uninitialized constant HomeController::Comment):
  
app/controllers/home_controller.rb:4:in `index'
Started GET "/" for 127.0.0.1 at 2018-11-07 16:45:23 +0100
Processing by HomeController#index as HTML
Completed 500 Internal Server Error in 4ms (ActiveRecord: 0.0ms)


  
NameError (uninitialized constant HomeController::Comment):
  
app/controllers/home_controller.rb:4:in `index'
Started GET "/" for 127.0.0.1 at 2018-11-07 16:45:46 +0100
Processing by HomeController#index as HTML
Completed 500 Internal Server Error in 1ms (ActiveRecord: 0.0ms)


  
NameError (uninitialized constant HomeController::Comment):
  
app/controllers/home_controller.rb:4:in `index'
Started GET "/" for 127.0.0.1 at 2018-11-07 16:46:26 +0100
Processing by HomeController#index as HTML
Completed 500 Internal Server Error in 1ms (ActiveRecord: 0.0ms)


  
NameError (uninitialized constant HomeController::Comment):
  
app/controllers/home_controller.rb:4:in `index'
Started GET "/" for 127.0.0.1 at 2018-11-07 16:46:33 +0100
Processing by HomeController#index as HTML
Completed 500 Internal Server Error in 1ms (ActiveRecord: 0.0ms)


  
NameError (uninitialized constant HomeController::Comment):
  
app/controllers/home_controller.rb:4:in `index'
Started GET "/" for 127.0.0.1 at 2018-11-07 16:46:41 +0100
Processing by HomeController#index as HTML
Completed 500 Internal Server Error in 2ms (ActiveRecord: 0.0ms)


  
NameError (uninitialized constant HomeController::Comment):
  
app/controllers/home_controller.rb:4:in `index'
Started GET "/" for 127.0.0.1 at 2018-11-07 16:46:43 +0100
Processing by HomeController#index as HTML
Completed 500 Internal Server Error in 2ms (ActiveRecord: 0.0ms)


  
NameError (uninitialized constant HomeController::Comment):
  
app/controllers/home_controller.rb:4:in `index'
  [1m[35m (0.1ms)[0m  [1m[34mSELECT "schema_migrations"."version" FROM "schema_migrations" ORDER BY "schema_migrations"."version" ASC[0m
  â†³ bin/rails:9
  [1m[36mActiveRecord::InternalMetadata Load (0.1ms)[0m  [1m[34mSELECT  "ar_internal_metadata".* FROM "ar_internal_metadata" WHERE "ar_internal_metadata"."key" = ? LIMIT ?[0m  [["key", "environment"], ["LIMIT", 1]]
  â†³ bin/rails:9
  [1m[35m (0.0ms)[0m  [1m[36mbegin transaction[0m
  â†³ bin/rails:9
  [1m[35m (0.0ms)[0m  [1m[36mcommit transaction[0m
  â†³ bin/rails:9
  [1m[35m (0.1ms)[0m  [1m[34mSELECT "schema_migrations"."version" FROM "schema_migrations" ORDER BY "schema_migrations"."version" ASC[0m
  â†³ bin/rails:9
Started GET "/" for 127.0.0.1 at 2018-11-07 16:48:19 +0100
  [1m[35m (0.1ms)[0m  [1m[34mSELECT "schema_migrations"."version" FROM "schema_migrations" ORDER BY "schema_migrations"."version" ASC[0m
  â†³ /home/ynov/.rvm/gems/ruby-2.4.1/gems/activerecord-5.2.1/lib/active_record/log_subscriber.rb:98
Processing by HomeController#index as HTML
Completed 500 Internal Server Error in 10ms (ActiveRecord: 0.0ms)


  
NameError (uninitialized constant HomeController::Comment):
  
app/controllers/home_controller.rb:4:in `index'
Started GET "/" for 127.0.0.1 at 2018-11-07 16:48:21 +0100
Processing by HomeController#index as HTML
Completed 500 Internal Server Error in 1ms (ActiveRecord: 0.0ms)


  
NameError (uninitialized constant HomeController::Comment):
  
app/controllers/home_controller.rb:4:in `index'
Started GET "/" for 127.0.0.1 at 2018-11-07 16:48:39 +0100
Processing by HomeController#index as HTML
Completed 500 Internal Server Error in 1ms (ActiveRecord: 0.0ms)


  
NameError (uninitialized constant HomeController::Comment):
  
app/controllers/home_controller.rb:4:in `index'
Started GET "/" for 127.0.0.1 at 2018-11-07 16:49:55 +0100
Processing by HomeController#index as HTML
Completed 500 Internal Server Error in 2ms (ActiveRecord: 0.0ms)


  
NameError (uninitialized constant HomeController::Comments):
  
app/controllers/home_controller.rb:4:in `index'
Started GET "/" for 127.0.0.1 at 2018-11-07 16:50:25 +0100
Processing by HomeController#index as HTML
Completed 500 Internal Server Error in 1ms (ActiveRecord: 0.0ms)


  
NameError (uninitialized constant HomeController::Comment):
  
app/controllers/home_controller.rb:4:in `index'
Started GET "/" for 127.0.0.1 at 2018-11-07 16:50:53 +0100
Processing by HomeController#index as HTML
Completed 500 Internal Server Error in 1ms (ActiveRecord: 0.0ms)


  
NameError (uninitialized constant HomeController::Comment):
  
app/controllers/home_controller.rb:4:in `index'
Started GET "/home" for 127.0.0.1 at 2018-11-07 16:51:32 +0100
Processing by HomeController#index as HTML
Completed 500 Internal Server Error in 2ms (ActiveRecord: 0.0ms)


  
NameError (uninitialized constant HomeController::Comment):
  
app/controllers/home_controller.rb:4:in `index'
Started GET "/home" for 127.0.0.1 at 2018-11-07 16:51:52 +0100
  
SyntaxError (/home/ynov/Projet_Test/app/controllers/home_controller.rb:16: syntax error, unexpected end-of-input, expecting keyword_end):
  
app/controllers/home_controller.rb:16: syntax error, unexpected end-of-input, expecting keyword_end
Started GET "/home" for 127.0.0.1 at 2018-11-07 16:53:02 +0100
  
SyntaxError (/home/ynov/Projet_Test/app/controllers/home_controller.rb:16: syntax error, unexpected end-of-input, expecting keyword_end):
  
app/controllers/home_controller.rb:16: syntax error, unexpected end-of-input, expecting keyword_end
Started GET "/home" for 127.0.0.1 at 2018-11-07 16:53:03 +0100
  
SyntaxError (/home/ynov/Projet_Test/app/controllers/home_controller.rb:16: syntax error, unexpected end-of-input, expecting keyword_end):
  
app/controllers/home_controller.rb:16: syntax error, unexpected end-of-input, expecting keyword_end
Started GET "/home" for 127.0.0.1 at 2018-11-07 16:55:16 +0100
  
SyntaxError (/home/ynov/Projet_Test/app/controllers/home_controller.rb:16: syntax error, unexpected end-of-input, expecting keyword_end):
  
app/controllers/home_controller.rb:16: syntax error, unexpected end-of-input, expecting keyword_end
Started GET "/home" for 127.0.0.1 at 2018-11-07 16:55:18 +0100
  
SyntaxError (/home/ynov/Projet_Test/app/controllers/home_controller.rb:16: syntax error, unexpected end-of-input, expecting keyword_end):
  
app/controllers/home_controller.rb:16: syntax error, unexpected end-of-input, expecting keyword_end
Started GET "/home" for 127.0.0.1 at 2018-11-07 16:55:57 +0100
Processing by HomeController#index as HTML
  Rendering home/index.html.erb within layouts/application
  [1m[36mUser Load (0.2ms)[0m  [1m[34mSELECT  "users".* FROM "users" WHERE "users"."id" = ? ORDER BY "users"."id" ASC LIMIT ?[0m  [["id", 1], ["LIMIT", 1]]
  â†³ app/views/home/index.html.erb:1
  Rendered home/index.html.erb within layouts/application (22.1ms)
Completed 500 Internal Server Error in 24ms (ActiveRecord: 0.7ms)


  
ActionView::Template::Error (undefined method `each' for nil:NilClass):
     7: <%end%>
     8: 
     9: <ul>
    10:   <%= @comments.each do |comment| %>
    11:     <li> <%= comment.content%></li>
    12:     <%end%>
    13: </ul>
  
app/views/home/index.html.erb:10:in `_app_views_home_index_html_erb___2486074007672439731_30057360'
Started GET "/home" for 127.0.0.1 at 2018-11-07 16:56:46 +0100
Processing by HomeController#index as HTML
  Rendering home/index.html.erb within layouts/application
  [1m[36mUser Load (0.2ms)[0m  [1m[34mSELECT  "users".* FROM "users" WHERE "users"."id" = ? ORDER BY "users"."id" ASC LIMIT ?[0m  [["id", 1], ["LIMIT", 1]]
  â†³ app/views/home/index.html.erb:1
  Rendered home/index.html.erb within layouts/application (2.9ms)
Completed 200 OK in 313ms (Views: 311.8ms | ActiveRecord: 0.2ms)


Started POST "/home" for 127.0.0.1 at 2018-11-07 16:56:53 +0100
Processing by HomeController#create as HTML
  Parameters: {"utf8"=>"âœ“", "authenticity_token"=>"Ta4Z5UVezHGVt6655KVlj+1CY2IPOSFlB1/ySMAjBKnrxWV7t+w80SVFzRY6v3/fo4hnbD+KJkJMEA9Bptt/zA==", "comment"=>"222222", "commit"=>"Save"}
Completed 500 Internal Server Error in 5ms (ActiveRecord: 0.0ms)


  
NameError (uninitialized constant HomeController::Comment):
  
app/controllers/home_controller.rb:9:in `create'
Started POST "/home" for 127.0.0.1 at 2018-11-07 17:00:43 +0100
Processing by HomeController#create as HTML
  Parameters: {"utf8"=>"âœ“", "authenticity_token"=>"Ta4Z5UVezHGVt6655KVlj+1CY2IPOSFlB1/ySMAjBKnrxWV7t+w80SVFzRY6v3/fo4hnbD+KJkJMEA9Bptt/zA==", "comment"=>"222222", "commit"=>"Save"}
Completed 500 Internal Server Error in 1ms (ActiveRecord: 0.0ms)


  
NameError (uninitialized constant HomeController::Comment):
  
app/controllers/home_controller.rb:9:in `create'
Started GET "/" for 127.0.0.1 at 2018-11-07 17:02:29 +0100
Processing by HomeController#index as HTML
  Rendering home/index.html.erb within layouts/application
  [1m[36mUser Load (0.2ms)[0m  [1m[34mSELECT  "users".* FROM "users" WHERE "users"."id" = ? ORDER BY "users"."id" ASC LIMIT ?[0m  [["id", 1], ["LIMIT", 1]]
  â†³ app/views/home/index.html.erb:1
  Rendered home/index.html.erb within layouts/application (21.8ms)
Completed 200 OK in 51ms (Views: 49.0ms | ActiveRecord: 0.8ms)


Started POST "/home" for 127.0.0.1 at 2018-11-07 17:02:34 +0100
Processing by HomeController#create as HTML
  Parameters: {"utf8"=>"âœ“", "authenticity_token"=>"I8c9tZshcOJxiMpVYGXMqL6JJwjVygzK1dqKBGRU40+FrEEraZOAQsF6qfq+f9b48EMjBuV5C+2elXcNAqyYKg==", "comment"=>"222222", "commit"=>"Save"}
Completed 500 Internal Server Error in 2ms (ActiveRecord: 0.0ms)


  
NameError (uninitialized constant HomeController::Comment):
  
app/controllers/home_controller.rb:9:in `create'
Started POST "/home" for 127.0.0.1 at 2018-11-07 17:02:53 +0100
Processing by HomeController#create as HTML
  Parameters: {"utf8"=>"âœ“", "authenticity_token"=>"I8c9tZshcOJxiMpVYGXMqL6JJwjVygzK1dqKBGRU40+FrEEraZOAQsF6qfq+f9b48EMjBuV5C+2elXcNAqyYKg==", "comment"=>"222222", "commit"=>"Save"}
Completed 500 Internal Server Error in 6ms (ActiveRecord: 0.0ms)


  
NameError (uninitialized constant HomeController::Comment):
  
app/controllers/home_controller.rb:9:in `create'
Started POST "/home" for 127.0.0.1 at 2018-11-07 17:04:18 +0100
Processing by HomeController#create as HTML
  Parameters: {"utf8"=>"âœ“", "authenticity_token"=>"I8c9tZshcOJxiMpVYGXMqL6JJwjVygzK1dqKBGRU40+FrEEraZOAQsF6qfq+f9b48EMjBuV5C+2elXcNAqyYKg==", "comment"=>"222222", "commit"=>"Save"}
  [1m[35m (0.1ms)[0m  [1m[36mbegin transaction[0m
  â†³ app/controllers/home_controller.rb:9
  [1m[36mComment Create (7.4ms)[0m  [1m[32mINSERT INTO "comments" ("created_at", "updated_at", "content") VALUES (?, ?, ?)[0m  [["created_at", "2018-11-07 16:04:18.151707"], ["updated_at", "2018-11-07 16:04:18.151707"], ["content", "222222"]]
  â†³ app/controllers/home_controller.rb:9
  [1m[35m (3.5ms)[0m  [1m[36mcommit transaction[0m
  â†³ app/controllers/home_controller.rb:9
Redirected to http://localhost:3000/home
Completed 302 Found in 25ms (ActiveRecord: 11.5ms)


Started GET "/home" for 127.0.0.1 at 2018-11-07 17:04:18 +0100
Processing by HomeController#index as HTML
  Rendering home/index.html.erb within layouts/application
  [1m[36mUser Load (0.1ms)[0m  [1m[34mSELECT  "users".* FROM "users" WHERE "users"."id" = ? ORDER BY "users"."id" ASC LIMIT ?[0m  [["id", 1], ["LIMIT", 1]]
  â†³ app/views/home/index.html.erb:1
  Rendered home/index.html.erb within layouts/application (29.8ms)
Completed 200 OK in 74ms (Views: 72.6ms | ActiveRecord: 0.6ms)


Started POST "/home" for 127.0.0.1 at 2018-11-07 17:04:23 +0100
Processing by HomeController#create as HTML
  Parameters: {"utf8"=>"âœ“", "authenticity_token"=>"IVOhEQhotl0WYe1Wnz2fDJrqfLCQ5Ctj2jlUPRJD71mHON2P+tpG/aaTjvlBJ4Vc1CB4vqBXLESRdqk0dLuUPA==", "comment"=>"22222", "commit"=>"Save"}
  [1m[35m (0.0ms)[0m  [1m[36mbegin transaction[0m
  â†³ app/controllers/home_controller.rb:9
  [1m[36mComment Create (5.4ms)[0m  [1m[32mINSERT INTO "comments" ("created_at", "updated_at", "content") VALUES (?, ?, ?)[0m  [["created_at", "2018-11-07 16:04:23.843822"], ["updated_at", "2018-11-07 16:04:23.843822"], ["content", "22222"]]
  â†³ app/controllers/home_controller.rb:9
  [1m[35m (9.0ms)[0m  [1m[36mcommit transaction[0m
  â†³ app/controllers/home_controller.rb:9
Redirected to http://localhost:3000/home
Completed 302 Found in 19ms (ActiveRecord: 14.4ms)


Started GET "/home" for 127.0.0.1 at 2018-11-07 17:04:23 +0100
Processing by HomeController#index as HTML
  Rendering home/index.html.erb within layouts/application
  [1m[36mUser Load (0.2ms)[0m  [1m[34mSELECT  "users".* FROM "users" WHERE "users"."id" = ? ORDER BY "users"."id" ASC LIMIT ?[0m  [["id", 1], ["LIMIT", 1]]
  â†³ app/views/home/index.html.erb:1
  Rendered home/index.html.erb within layouts/application (7.9ms)
Completed 200 OK in 46ms (Views: 45.0ms | ActiveRecord: 0.2ms)


Started GET "/" for 127.0.0.1 at 2018-11-07 17:06:35 +0100
Processing by HomeController#index as HTML
  Rendering home/index.html.erb within layouts/application
  [1m[36mUser Load (0.1ms)[0m  [1m[34mSELECT  "users".* FROM "users" WHERE "users"."id" = ? ORDER BY "users"."id" ASC LIMIT ?[0m  [["id", 1], ["LIMIT", 1]]
  â†³ app/views/home/index.html.erb:1
  Rendered home/index.html.erb within layouts/application (17.2ms)
Completed 200 OK in 59ms (Views: 57.5ms | ActiveRecord: 0.6ms)


Started GET "/users/sign_in" for 127.0.0.1 at 2018-11-07 17:06:42 +0100
Processing by Devise::SessionsController#new as HTML
  [1m[36mUser Load (0.2ms)[0m  [1m[34mSELECT  "users".* FROM "users" WHERE "users"."id" = ? ORDER BY "users"."id" ASC LIMIT ?[0m  [["id", 1], ["LIMIT", 1]]
  â†³ /home/ynov/.rvm/gems/ruby-2.4.1/gems/activerecord-5.2.1/lib/active_record/log_subscriber.rb:98
Redirected to http://localhost:3000/
Filter chain halted as :require_no_authentication rendered or redirected
Completed 302 Found in 9ms (ActiveRecord: 0.2ms)


Started GET "/" for 127.0.0.1 at 2018-11-07 17:06:42 +0100
Processing by HomeController#index as HTML
  Rendering home/index.html.erb within layouts/application
  [1m[36mUser Load (0.2ms)[0m  [1m[34mSELECT  "users".* FROM "users" WHERE "users"."id" = ? ORDER BY "users"."id" ASC LIMIT ?[0m  [["id", 1], ["LIMIT", 1]]
  â†³ app/views/home/index.html.erb:1
  Rendered home/index.html.erb within layouts/application (3.9ms)
Completed 200 OK in 34ms (Views: 33.3ms | ActiveRecord: 0.2ms)


Started GET "/" for 127.0.0.1 at 2018-11-07 17:07:23 +0100
Processing by HomeController#index as HTML
  Rendering home/index.html.erb within layouts/application
  [1m[36mUser Load (0.2ms)[0m  [1m[34mSELECT  "users".* FROM "users" WHERE "users"."id" = ? ORDER BY "users"."id" ASC LIMIT ?[0m  [["id", 1], ["LIMIT", 1]]
  â†³ app/views/home/index.html.erb:1
  Rendered home/index.html.erb within layouts/application (15.4ms)
Completed 200 OK in 69ms (Views: 67.2ms | ActiveRecord: 0.7ms)


Started GET "/users/sign_in" for 127.0.0.1 at 2018-11-07 17:07:37 +0100
Processing by Devise::SessionsController#new as HTML
  [1m[36mUser Load (0.2ms)[0m  [1m[34mSELECT  "users".* FROM "users" WHERE "users"."id" = ? ORDER BY "users"."id" ASC LIMIT ?[0m  [["id", 1], ["LIMIT", 1]]
  â†³ /home/ynov/.rvm/gems/ruby-2.4.1/gems/activerecord-5.2.1/lib/active_record/log_subscriber.rb:98
Redirected to http://localhost:3000/
Filter chain halted as :require_no_authentication rendered or redirected
Completed 302 Found in 10ms (ActiveRecord: 0.2ms)


Started GET "/" for 127.0.0.1 at 2018-11-07 17:07:37 +0100
Processing by HomeController#index as HTML
  Rendering home/index.html.erb within layouts/application
  [1m[36mUser Load (0.1ms)[0m  [1m[34mSELECT  "users".* FROM "users" WHERE "users"."id" = ? ORDER BY "users"."id" ASC LIMIT ?[0m  [["id", 1], ["LIMIT", 1]]
  â†³ app/views/home/index.html.erb:1
  Rendered home/index.html.erb within layouts/application (2.6ms)
Completed 200 OK in 29ms (Views: 28.1ms | ActiveRecord: 0.1ms)


Started GET "/" for 127.0.0.1 at 2018-11-07 17:08:53 +0100
Processing by HomeController#index as HTML
  Rendering home/index.html.erb within layouts/application
  [1m[36mUser Load (0.2ms)[0m  [1m[34mSELECT  "users".* FROM "users" WHERE "users"."id" = ? ORDER BY "users"."id" ASC LIMIT ?[0m  [["id", 1], ["LIMIT", 1]]
  â†³ app/views/home/index.html.erb:1
  Rendered home/index.html.erb within layouts/application (7.5ms)
Completed 200 OK in 36ms (Views: 35.5ms | ActiveRecord: 0.2ms)


Started GET "/" for 127.0.0.1 at 2018-11-07 17:09:19 +0100
Processing by HomeController#index as HTML
  Rendering home/index.html.erb within layouts/application
  [1m[36mUser Load (0.1ms)[0m  [1m[34mSELECT  "users".* FROM "users" WHERE "users"."id" = ? ORDER BY "users"."id" ASC LIMIT ?[0m  [["id", 1], ["LIMIT", 1]]
  â†³ app/views/home/index.html.erb:1
  Rendered home/index.html.erb within layouts/application (2.8ms)
Completed 200 OK in 31ms (Views: 29.8ms | ActiveRecord: 0.1ms)


Started GET "/home/index?fname=1&lname=1" for 127.0.0.1 at 2018-11-07 17:09:23 +0100
  
AbstractController::ActionNotFound (The action 'show' could not be found for HomeController):
  
actionpack (5.2.1) lib/abstract_controller/base.rb:129:in `process'
actionview (5.2.1) lib/action_view/rendering.rb:32:in `process'
actionpack (5.2.1) lib/action_controller/metal.rb:191:in `dispatch'
actionpack (5.2.1) lib/action_controller/metal.rb:252:in `dispatch'
actionpack (5.2.1) lib/action_dispatch/routing/route_set.rb:52:in `dispatch'
actionpack (5.2.1) lib/action_dispatch/routing/route_set.rb:34:in `serve'
actionpack (5.2.1) lib/action_dispatch/journey/router.rb:52:in `block in serve'
actionpack (5.2.1) lib/action_dispatch/journey/router.rb:35:in `each'
actionpack (5.2.1) lib/action_dispatch/journey/router.rb:35:in `serve'
actionpack (5.2.1) lib/action_dispatch/routing/route_set.rb:840:in `call'
warden (1.2.7) lib/warden/manager.rb:36:in `block in call'
warden (1.2.7) lib/warden/manager.rb:35:in `catch'
warden (1.2.7) lib/warden/manager.rb:35:in `call'
rack (2.0.6) lib/rack/tempfile_reaper.rb:15:in `call'
rack (2.0.6) lib/rack/etag.rb:25:in `call'
rack (2.0.6) lib/rack/conditional_get.rb:25:in `call'
rack (2.0.6) lib/rack/head.rb:12:in `call'
actionpack (5.2.1) lib/action_dispatch/http/content_security_policy.rb:18:in `call'
rack (2.0.6) lib/rack/session/abstract/id.rb:232:in `context'
rack (2.0.6) lib/rack/session/abstract/id.rb:226:in `call'
actionpack (5.2.1) lib/action_dispatch/middleware/cookies.rb:670:in `call'
activerecord (5.2.1) lib/active_record/migration.rb:559:in `call'
actionpack (5.2.1) lib/action_dispatch/middleware/callbacks.rb:28:in `block in call'
activesupport (5.2.1) lib/active_support/callbacks.rb:98:in `run_callbacks'
actionpack (5.2.1) lib/action_dispatch/middleware/callbacks.rb:26:in `call'
actionpack (5.2.1) lib/action_dispatch/middleware/executor.rb:14:in `call'
actionpack (5.2.1) lib/action_dispatch/middleware/debug_exceptions.rb:61:in `call'
web-console (3.7.0) lib/web_console/middleware.rb:135:in `call_app'
web-console (3.7.0) lib/web_console/middleware.rb:30:in `block in call'
web-console (3.7.0) lib/web_console/middleware.rb:20:in `catch'
web-console (3.7.0) lib/web_console/middleware.rb:20:in `call'
actionpack (5.2.1) lib/action_dispatch/middleware/show_exceptions.rb:33:in `call'
railties (5.2.1) lib/rails/rack/logger.rb:38:in `call_app'
railties (5.2.1) lib/rails/rack/logger.rb:26:in `block in call'
activesupport (5.2.1) lib/active_support/tagged_logging.rb:71:in `block in tagged'
activesupport (5.2.1) lib/active_support/tagged_logging.rb:28:in `tagged'
activesupport (5.2.1) lib/active_support/tagged_logging.rb:71:in `tagged'
railties (5.2.1) lib/rails/rack/logger.rb:26:in `call'
sprockets-rails (3.2.1) lib/sprockets/rails/quiet_assets.rb:13:in `call'
actionpack (5.2.1) lib/action_dispatch/middleware/remote_ip.rb:81:in `call'
actionpack (5.2.1) lib/action_dispatch/middleware/request_id.rb:27:in `call'
rack (2.0.6) lib/rack/method_override.rb:22:in `call'
rack (2.0.6) lib/rack/runtime.rb:22:in `call'
activesupport (5.2.1) lib/active_support/cache/strategy/local_cache_middleware.rb:29:in `call'
actionpack (5.2.1) lib/action_dispatch/middleware/executor.rb:14:in `call'
actionpack (5.2.1) lib/action_dispatch/middleware/static.rb:127:in `call'
rack (2.0.6) lib/rack/sendfile.rb:111:in `call'
railties (5.2.1) lib/rails/engine.rb:524:in `call'
puma (3.12.0) lib/puma/configuration.rb:225:in `call'
puma (3.12.0) lib/puma/server.rb:658:in `handle_request'
puma (3.12.0) lib/puma/server.rb:472:in `process_client'
puma (3.12.0) lib/puma/server.rb:332:in `block in run'
puma (3.12.0) lib/puma/thread_pool.rb:133:in `block in spawn_thread'
Started GET "/" for 127.0.0.1 at 2018-11-07 17:11:43 +0100
Processing by HomeController#index as HTML
  Rendering home/index.html.erb within layouts/application
  [1m[36mUser Load (0.1ms)[0m  [1m[34mSELECT  "users".* FROM "users" WHERE "users"."id" = ? ORDER BY "users"."id" ASC LIMIT ?[0m  [["id", 1], ["LIMIT", 1]]
  â†³ app/views/home/index.html.erb:1
  Rendered home/index.html.erb within layouts/application (3.2ms)
Completed 200 OK in 31ms (Views: 30.6ms | ActiveRecord: 0.1ms)


Started GET "/" for 127.0.0.1 at 2018-11-07 17:11:52 +0100
Processing by HomeController#index as HTML
  Rendering home/index.html.erb within layouts/application
  [1m[36mUser Load (0.2ms)[0m  [1m[34mSELECT  "users".* FROM "users" WHERE "users"."id" = ? ORDER BY "users"."id" ASC LIMIT ?[0m  [["id", 1], ["LIMIT", 1]]
  â†³ app/views/home/index.html.erb:1
  Rendered home/index.html.erb within layouts/application (4.1ms)
Completed 200 OK in 31ms (Views: 30.0ms | ActiveRecord: 0.2ms)


Started GET "/" for 127.0.0.1 at 2018-11-07 17:12:55 +0100
Processing by HomeController#index as HTML
  Rendering home/index.html.erb within layouts/application
  [1m[36mUser Load (0.2ms)[0m  [1m[34mSELECT  "users".* FROM "users" WHERE "users"."id" = ? ORDER BY "users"."id" ASC LIMIT ?[0m  [["id", 1], ["LIMIT", 1]]
  â†³ app/views/home/index.html.erb:1
  Rendered home/index.html.erb within layouts/application (3.8ms)
Completed 200 OK in 33ms (Views: 32.4ms | ActiveRecord: 0.2ms)


Started GET "/" for 127.0.0.1 at 2018-11-07 17:15:19 +0100
Processing by HomeController#index as HTML
  Rendering home/index.html.erb within layouts/application
  Rendered home/index.html.erb within layouts/application (0.6ms)
Completed 500 Internal Server Error in 14ms (ActiveRecord: 0.0ms)


  
SyntaxError (/home/ynov/Projet_Test/app/views/home/index.html.erb:26: syntax error, unexpected keyword_ensure, expecting keyword_end
          ensure
                ^):
  
app/views/home/index.html.erb:26: syntax error, unexpected keyword_ensure, expecting keyword_end
Started GET "/" for 127.0.0.1 at 2018-11-07 17:15:40 +0100
Processing by HomeController#index as HTML
  Rendering home/index.html.erb within layouts/application
  Rendered home/index.html.erb within layouts/application (0.5ms)
Completed 500 Internal Server Error in 9ms (ActiveRecord: 0.0ms)


  
SyntaxError (/home/ynov/Projet_Test/app/views/home/index.html.erb:26: syntax error, unexpected keyword_ensure, expecting keyword_end
          ensure
                ^):
  
app/views/home/index.html.erb:26: syntax error, unexpected keyword_ensure, expecting keyword_end
Started GET "/" for 127.0.0.1 at 2018-11-07 17:15:51 +0100
Processing by HomeController#index as HTML
  Rendering home/index.html.erb within layouts/application
  Rendered home/index.html.erb within layouts/application (0.7ms)
Completed 500 Internal Server Error in 13ms (ActiveRecord: 0.0ms)


  
SyntaxError (/home/ynov/Projet_Test/app/views/home/index.html.erb:26: syntax error, unexpected keyword_ensure, expecting keyword_end
          ensure
                ^):
  
app/views/home/index.html.erb:26: syntax error, unexpected keyword_ensure, expecting keyword_end
Started GET "/" for 127.0.0.1 at 2018-11-07 17:16:37 +0100
Processing by HomeController#index as HTML
  Rendering home/index.html.erb within layouts/application
  Rendered home/index.html.erb within layouts/application (0.7ms)
Completed 500 Internal Server Error in 5ms (ActiveRecord: 0.0ms)


  
SyntaxError (/home/ynov/Projet_Test/app/views/home/index.html.erb:26: syntax error, unexpected keyword_ensure, expecting keyword_end
          ensure
                ^):
  
app/views/home/index.html.erb:26: syntax error, unexpected keyword_ensure, expecting keyword_end
Started GET "/" for 127.0.0.1 at 2018-11-07 17:16:39 +0100
Processing by HomeController#index as HTML
  Rendering home/index.html.erb within layouts/application
  Rendered home/index.html.erb within layouts/application (0.7ms)
Completed 500 Internal Server Error in 6ms (ActiveRecord: 0.0ms)


  
SyntaxError (/home/ynov/Projet_Test/app/views/home/index.html.erb:26: syntax error, unexpected keyword_ensure, expecting keyword_end
          ensure
                ^):
  
app/views/home/index.html.erb:26: syntax error, unexpected keyword_ensure, expecting keyword_end
Started GET "/" for 127.0.0.1 at 2018-11-07 17:16:39 +0100
Processing by HomeController#index as HTML
  Rendering home/index.html.erb within layouts/application
  Rendered home/index.html.erb within layouts/application (5.0ms)
Completed 500 Internal Server Error in 8ms (ActiveRecord: 0.0ms)


  
SyntaxError (/home/ynov/Projet_Test/app/views/home/index.html.erb:26: syntax error, unexpected keyword_ensure, expecting keyword_end
          ensure
                ^):
  
app/views/home/index.html.erb:26: syntax error, unexpected keyword_ensure, expecting keyword_end
Started GET "/" for 127.0.0.1 at 2018-11-07 17:16:52 +0100
Processing by HomeController#index as HTML
  Rendering home/index.html.erb within layouts/application
  [1m[36mUser Load (1.1ms)[0m  [1m[34mSELECT  "users".* FROM "users" WHERE "users"."id" = ? ORDER BY "users"."id" ASC LIMIT ?[0m  [["id", 1], ["LIMIT", 1]]
  â†³ app/views/home/index.html.erb:1
  [1m[36mComment Load (0.5ms)[0m  [1m[34mSELECT "comments".* FROM "comments" ORDER BY create_at DESC[0m
  â†³ app/views/home/index.html.erb:19
  Rendered home/index.html.erb within layouts/application (23.4ms)
Completed 500 Internal Server Error in 25ms (ActiveRecord: 2.1ms)


  
ActionView::Template::Error (SQLite3::SQLException: no such column: create_at: SELECT "comments".* FROM "comments" ORDER BY create_at DESC):
    16: </center>
    17: 
    18: <ul>
    19: <%= @comments.each do |comment|%>
    20: 
    21: <li><%=@comment.content%>  </li>
    22: <%end%>
  
app/views/home/index.html.erb:19:in `_app_views_home_index_html_erb___2486074007672439731_37448000'
Started GET "/" for 127.0.0.1 at 2018-11-07 17:17:44 +0100
Processing by HomeController#index as HTML
Completed 500 Internal Server Error in 1ms (ActiveRecord: 0.0ms)


  
TypeError (exception class/object expected):
  
app/controllers/home_controller.rb:5:in `raise'
app/controllers/home_controller.rb:5:in `index'
Started GET "/" for 127.0.0.1 at 2018-11-07 17:17:53 +0100
Processing by HomeController#index as HTML
  [1m[36mComment Load (0.3ms)[0m  [1m[34mSELECT  "comments".* FROM "comments" ORDER BY create_at DESC LIMIT ?[0m  [["LIMIT", 11]]
  â†³ /home/ynov/.rvm/gems/ruby-2.4.1@global/gems/did_you_mean-1.1.0/lib/did_you_mean/core_ext/name_error.rb:10
Completed 500 Internal Server Error in 7ms (ActiveRecord: 0.0ms)


  
  [1m[36mComment Load (0.3ms)[0m  [1m[34mSELECT  "comments".* FROM "comments" ORDER BY create_at DESC LIMIT ?[0m  [["LIMIT", 11]]
  â†³ /home/ynov/.rvm/gems/ruby-2.4.1@global/gems/did_you_mean-1.1.0/lib/did_you_mean/core_ext/name_error.rb:10
NoMethodError (undefined method `content' for #<Comment::ActiveRecord_Relation:0x007f836c3a94a8>
Did you mean?  connection):
  
app/controllers/home_controller.rb:5:in `index'
Started GET "/" for 127.0.0.1 at 2018-11-07 17:18:12 +0100
Processing by HomeController#index as HTML
  [1m[36mComment Load (0.3ms)[0m  [1m[34mSELECT  "comments".* FROM "comments" ORDER BY create_at DESC LIMIT ?[0m  [["LIMIT", 11]]
  â†³ /home/ynov/.rvm/gems/ruby-2.4.1@global/gems/did_you_mean-1.1.0/lib/did_you_mean/core_ext/name_error.rb:10
Completed 500 Internal Server Error in 10ms (ActiveRecord: 0.0ms)


  
  [1m[36mComment Load (0.4ms)[0m  [1m[34mSELECT  "comments".* FROM "comments" ORDER BY create_at DESC LIMIT ?[0m  [["LIMIT", 11]]
  â†³ /home/ynov/.rvm/gems/ruby-2.4.1@global/gems/did_you_mean-1.1.0/lib/did_you_mean/core_ext/name_error.rb:10
NoMethodError (undefined method `content' for #<Comment::ActiveRecord_Relation:0x007f8364691b78>
Did you mean?  connection):
  
app/controllers/home_controller.rb:5:in `index'
Started GET "/" for 127.0.0.1 at 2018-11-07 17:18:18 +0100
Processing by HomeController#index as HTML
  [1m[36mComment Load (0.3ms)[0m  [1m[34mSELECT  "comments".* FROM "comments" ORDER BY create_at DESC LIMIT ?[0m  [["LIMIT", 11]]
  â†³ /home/ynov/.rvm/gems/ruby-2.4.1@global/gems/did_you_mean-1.1.0/lib/did_you_mean/core_ext/name_error.rb:10
Completed 500 Internal Server Error in 7ms (ActiveRecord: 0.0ms)


  
  [1m[36mComment Load (0.4ms)[0m  [1m[34mSELECT  "comments".* FROM "comments" ORDER BY create_at DESC LIMIT ?[0m  [["LIMIT", 11]]
  â†³ /home/ynov/.rvm/gems/ruby-2.4.1@global/gems/did_you_mean-1.1.0/lib/did_you_mean/core_ext/name_error.rb:10
NoMethodError (undefined method `content' for #<Comment::ActiveRecord_Relation:0x007f837800b8f8>
Did you mean?  connection):
  
app/controllers/home_controller.rb:5:in `index'
Started GET "/" for 127.0.0.1 at 2018-11-07 17:18:39 +0100
Processing by HomeController#index as HTML
  [1m[36mComment Load (0.4ms)[0m  [1m[34mSELECT "comments".* FROM "comments" ORDER BY create_at DESC[0m
  â†³ app/controllers/home_controller.rb:5
Completed 500 Internal Server Error in 5ms (ActiveRecord: 0.4ms)


  
ActiveRecord::StatementInvalid (SQLite3::SQLException: no such column: create_at: SELECT "comments".* FROM "comments" ORDER BY create_at DESC):
  
app/controllers/home_controller.rb:5:in `index'
Started GET "/" for 127.0.0.1 at 2018-11-07 17:19:08 +0100
Processing by HomeController#index as HTML
  [1m[36mComment Load (0.1ms)[0m  [1m[34mSELECT "comments".* FROM "comments"[0m
  â†³ app/controllers/home_controller.rb:5
Completed 500 Internal Server Error in 11ms (ActiveRecord: 0.6ms)


  
TypeError (no implicit conversion of Symbol into Integer):
  
app/controllers/home_controller.rb:5:in `index'
Started GET "/" for 127.0.0.1 at 2018-11-07 17:19:26 +0100
Processing by HomeController#index as HTML
  [1m[36mComment Load (0.2ms)[0m  [1m[34mSELECT  "comments".* FROM "comments" LIMIT ?[0m  [["LIMIT", 11]]
  â†³ /home/ynov/.rvm/gems/ruby-2.4.1@global/gems/did_you_mean-1.1.0/lib/did_you_mean/core_ext/name_error.rb:10
Completed 500 Internal Server Error in 14ms (ActiveRecord: 0.0ms)


  
  [1m[36mCACHE Comment Load (0.0ms)[0m  [1m[34mSELECT  "comments".* FROM "comments" LIMIT ?[0m  [["LIMIT", 11]]
  â†³ /home/ynov/.rvm/gems/ruby-2.4.1@global/gems/did_you_mean-1.1.0/lib/did_you_mean/core_ext/name_error.rb:10
NoMethodError (undefined method `content' for #<Comment::ActiveRecord_Relation:0x00000004732298>
Did you mean?  connection):
  
app/controllers/home_controller.rb:5:in `index'
Started GET "/" for 127.0.0.1 at 2018-11-07 17:20:03 +0100
Processing by HomeController#index as HTML
  [1m[36mComment Load (0.1ms)[0m  [1m[34mSELECT  "comments".* FROM "comments" LIMIT ?[0m  [["LIMIT", 11]]
  â†³ /home/ynov/.rvm/gems/ruby-2.4.1@global/gems/did_you_mean-1.1.0/lib/did_you_mean/core_ext/name_error.rb:10
Completed 500 Internal Server Error in 8ms (ActiveRecord: 0.0ms)


  
  [1m[36mCACHE Comment Load (0.0ms)[0m  [1m[34mSELECT  "comments".* FROM "comments" LIMIT ?[0m  [["LIMIT", 11]]
  â†³ /home/ynov/.rvm/gems/ruby-2.4.1@global/gems/did_you_mean-1.1.0/lib/did_you_mean/core_ext/name_error.rb:10
NoMethodError (undefined method `content' for #<Comment::ActiveRecord_Relation:0x007f836c676de8>
Did you mean?  connection):
  
app/controllers/home_controller.rb:5:in `index'
Started GET "/" for 127.0.0.1 at 2018-11-07 17:20:24 +0100
Processing by HomeController#index as HTML
  [1m[36mComment Load (0.1ms)[0m  [1m[34mSELECT  "comments".* FROM "comments" LIMIT ?[0m  [["LIMIT", 11]]
  â†³ /home/ynov/.rvm/gems/ruby-2.4.1@global/gems/did_you_mean-1.1.0/lib/did_you_mean/core_ext/name_error.rb:10
Completed 500 Internal Server Error in 14ms (ActiveRecord: 0.0ms)


  
  [1m[36mCACHE Comment Load (0.0ms)[0m  [1m[34mSELECT  "comments".* FROM "comments" LIMIT ?[0m  [["LIMIT", 11]]
  â†³ /home/ynov/.rvm/gems/ruby-2.4.1@global/gems/did_you_mean-1.1.0/lib/did_you_mean/core_ext/name_error.rb:10
NoMethodError (undefined method `content' for #<Comment::ActiveRecord_Relation:0x007f836518a7c8>
Did you mean?  connection):
  
app/controllers/home_controller.rb:4:in `index'
Started GET "/" for 127.0.0.1 at 2018-11-07 17:20:32 +0100
Processing by HomeController#index as HTML
Completed 500 Internal Server Error in 1ms (ActiveRecord: 0.0ms)


  
TypeError (exception class/object expected):
  
app/controllers/home_controller.rb:5:in `raise'
app/controllers/home_controller.rb:5:in `index'
Started GET "/" for 127.0.0.1 at 2018-11-07 17:21:25 +0100
Processing by HomeController#index as HTML
Completed 500 Internal Server Error in 2ms (ActiveRecord: 0.0ms)


  
TypeError (exception class/object expected):
  
app/controllers/home_controller.rb:5:in `raise'
app/controllers/home_controller.rb:5:in `index'
Started GET "/" for 127.0.0.1 at 2018-11-07 17:21:37 +0100
Processing by HomeController#index as HTML
  Rendering home/index.html.erb within layouts/application
  [1m[36mUser Load (0.1ms)[0m  [1m[34mSELECT  "users".* FROM "users" WHERE "users"."id" = ? ORDER BY "users"."id" ASC LIMIT ?[0m  [["id", 1], ["LIMIT", 1]]
  â†³ app/views/home/index.html.erb:1
  Rendered home/index.html.erb within layouts/application (17.5ms)
Completed 500 Internal Server Error in 26ms (ActiveRecord: 0.6ms)


  
ActionView::Template::Error (undefined method `each' for nil:NilClass):
    16: </center>
    17: 
    18: <ul>
    19: <%= @comments.each do |comment|%>
    20: 
    21: <li><%=@comment.content%>  </li>
    22: <%end%>
  
app/views/home/index.html.erb:19:in `_app_views_home_index_html_erb___2486074007672439731_70101154724180'
Started GET "/" for 127.0.0.1 at 2018-11-07 17:21:47 +0100
Processing by HomeController#index as HTML
  Rendering home/index.html.erb within layouts/application
  [1m[36mUser Load (0.2ms)[0m  [1m[34mSELECT  "users".* FROM "users" WHERE "users"."id" = ? ORDER BY "users"."id" ASC LIMIT ?[0m  [["id", 1], ["LIMIT", 1]]
  â†³ app/views/home/index.html.erb:1
  Rendered home/index.html.erb within layouts/application (2.6ms)
Completed 200 OK in 34ms (Views: 33.1ms | ActiveRecord: 0.2ms)


Started GET "/" for 127.0.0.1 at 2018-11-07 17:22:02 +0100
Processing by HomeController#index as HTML
  Rendering home/index.html.erb within layouts/application
  [1m[36mUser Load (0.1ms)[0m  [1m[34mSELECT  "users".* FROM "users" WHERE "users"."id" = ? ORDER BY "users"."id" ASC LIMIT ?[0m  [["id", 1], ["LIMIT", 1]]
  â†³ app/views/home/index.html.erb:1
  Rendered home/index.html.erb within layouts/application (4.5ms)
Completed 200 OK in 45ms (Views: 44.1ms | ActiveRecord: 0.1ms)


Started POST "/home" for 127.0.0.1 at 2018-11-07 17:22:15 +0100
Processing by HomeController#create as HTML
  Parameters: {"utf8"=>"âœ“", "authenticity_token"=>"eOg8lkIu6fNHBKnCCFQ2n+YZRWiTvxqdhAhwLyvve1Xeg0AIsJwZU/f2ym3WTizPqNNBZqMMHbrPR40mTRcAMA==", "comment"=>"aaaa", "commit"=>"Save"}
  [1m[35m (8.8ms)[0m  [1m[36mbegin transaction[0m
  â†³ app/controllers/home_controller.rb:8
  [1m[36mComment Create (6.3ms)[0m  [1m[32mINSERT INTO "comments" ("created_at", "updated_at", "content") VALUES (?, ?, ?)[0m  [["created_at", "2018-11-07 16:22:15.860106"], ["updated_at", "2018-11-07 16:22:15.860106"], ["content", "aaaa"]]
  â†³ app/controllers/home_controller.rb:8
  [1m[35m (3.7ms)[0m  [1m[36mcommit transaction[0m
  â†³ app/controllers/home_controller.rb:8
Redirected to http://localhost:3000/home
Completed 302 Found in 38ms (ActiveRecord: 19.3ms)


Started GET "/home" for 127.0.0.1 at 2018-11-07 17:22:15 +0100
Processing by HomeController#index as HTML
  Rendering home/index.html.erb within layouts/application
  [1m[36mUser Load (0.2ms)[0m  [1m[34mSELECT  "users".* FROM "users" WHERE "users"."id" = ? ORDER BY "users"."id" ASC LIMIT ?[0m  [["id", 1], ["LIMIT", 1]]
  â†³ app/views/home/index.html.erb:1
  Rendered home/index.html.erb within layouts/application (3.0ms)
Completed 200 OK in 40ms (Views: 38.9ms | ActiveRecord: 0.2ms)


Started GET "/home" for 127.0.0.1 at 2018-11-07 17:22:47 +0100
Processing by HomeController#index as HTML
  Rendering home/index.html.erb within layouts/application
  [1m[36mUser Load (0.1ms)[0m  [1m[34mSELECT  "users".* FROM "users" WHERE "users"."id" = ? ORDER BY "users"."id" ASC LIMIT ?[0m  [["id", 1], ["LIMIT", 1]]
  â†³ app/views/home/index.html.erb:1
  Rendered home/index.html.erb within layouts/application (12.6ms)
Completed 200 OK in 60ms (Views: 59.1ms | ActiveRecord: 0.6ms)


Started POST "/home" for 127.0.0.1 at 2018-11-07 17:22:51 +0100
Processing by HomeController#create as HTML
  Parameters: {"utf8"=>"âœ“", "authenticity_token"=>"rTjiCSLQVUpdbBEQOBxBUoYQaPizue+qK2S6YHwhHMULU56X0GKl6u2ecr/mBlsCyNps9oMK6I1gK0dpGtlnoA==", "comment"=>"rrrr", "commit"=>"Save"}
  [1m[35m (0.1ms)[0m  [1m[36mbegin transaction[0m
  â†³ app/controllers/home_controller.rb:8
  [1m[36mComment Create (11.1ms)[0m  [1m[32mINSERT INTO "comments" ("created_at", "updated_at", "content") VALUES (?, ?, ?)[0m  [["created_at", "2018-11-07 16:22:51.404945"], ["updated_at", "2018-11-07 16:22:51.404945"], ["content", "rrrr"]]
  â†³ app/controllers/home_controller.rb:8
  [1m[35m (3.5ms)[0m  [1m[36mcommit transaction[0m
  â†³ app/controllers/home_controller.rb:8
Completed 500 Internal Server Error in 33ms (ActiveRecord: 15.0ms)


  
RuntimeError (rrrr):
  
app/controllers/home_controller.rb:11:in `create'
Started POST "/home" for 127.0.0.1 at 2018-11-07 17:23:33 +0100
Processing by HomeController#create as HTML
  Parameters: {"utf8"=>"âœ“", "authenticity_token"=>"rTjiCSLQVUpdbBEQOBxBUoYQaPizue+qK2S6YHwhHMULU56X0GKl6u2ecr/mBlsCyNps9oMK6I1gK0dpGtlnoA==", "comment"=>"rrrr", "commit"=>"Save"}
  [1m[35m (0.1ms)[0m  [1m[36mbegin transaction[0m
  â†³ app/controllers/home_controller.rb:8
  [1m[36mComment Create (5.4ms)[0m  [1m[32mINSERT INTO "comments" ("created_at", "updated_at", "content") VALUES (?, ?, ?)[0m  [["created_at", "2018-11-07 16:23:33.550219"], ["updated_at", "2018-11-07 16:23:33.550219"], ["content", "rrrr"]]
  â†³ app/controllers/home_controller.rb:8
  [1m[35m (7.6ms)[0m  [1m[36mcommit transaction[0m
  â†³ app/controllers/home_controller.rb:8
Completed 500 Internal Server Error in 39ms (ActiveRecord: 15.4ms)


  
RuntimeError (rrrr):
  
app/controllers/home_controller.rb:11:in `create'
Started POST "/home" for 127.0.0.1 at 2018-11-07 17:26:30 +0100
Processing by HomeController#create as HTML
  Parameters: {"utf8"=>"âœ“", "authenticity_token"=>"rTjiCSLQVUpdbBEQOBxBUoYQaPizue+qK2S6YHwhHMULU56X0GKl6u2ecr/mBlsCyNps9oMK6I1gK0dpGtlnoA==", "comment"=>"rrrr", "commit"=>"Save"}
  [1m[35m (0.1ms)[0m  [1m[36mbegin transaction[0m
  â†³ app/controllers/home_controller.rb:8
  [1m[36mComment Create (8.5ms)[0m  [1m[32mINSERT INTO "comments" ("created_at", "updated_at", "content") VALUES (?, ?, ?)[0m  [["created_at", "2018-11-07 16:26:30.235081"], ["updated_at", "2018-11-07 16:26:30.235081"], ["content", "rrrr"]]
  â†³ app/controllers/home_controller.rb:8
  [1m[35m (8.9ms)[0m  [1m[36mcommit transaction[0m
  â†³ app/controllers/home_controller.rb:8
Completed 500 Internal Server Error in 45ms (ActiveRecord: 18.2ms)


  
NoMethodError (undefined method `content' for #<Class:0x007f836c1e9ac8>
Did you mean?  const_set):
  
app/controllers/home_controller.rb:12:in `create'
Started POST "/home" for 127.0.0.1 at 2018-11-07 17:26:50 +0100
Processing by HomeController#create as HTML
  Parameters: {"utf8"=>"âœ“", "authenticity_token"=>"rTjiCSLQVUpdbBEQOBxBUoYQaPizue+qK2S6YHwhHMULU56X0GKl6u2ecr/mBlsCyNps9oMK6I1gK0dpGtlnoA==", "comment"=>"rrrr", "commit"=>"Save"}
  [1m[35m (0.1ms)[0m  [1m[36mbegin transaction[0m
  â†³ app/controllers/home_controller.rb:8
  [1m[36mComment Create (11.0ms)[0m  [1m[32mINSERT INTO "comments" ("created_at", "updated_at", "content") VALUES (?, ?, ?)[0m  [["created_at", "2018-11-07 16:26:50.124479"], ["updated_at", "2018-11-07 16:26:50.124479"], ["content", "rrrr"]]
  â†³ app/controllers/home_controller.rb:8
  [1m[35m (3.6ms)[0m  [1m[36mcommit transaction[0m
  â†³ app/controllers/home_controller.rb:8
Completed 500 Internal Server Error in 54ms (ActiveRecord: 15.2ms)


  
NoMethodError (undefined method `content' for #<Class:0x007f8364768088>
Did you mean?  const_set):
  
app/controllers/home_controller.rb:12:in `create'
Started POST "/home" for 127.0.0.1 at 2018-11-07 17:29:07 +0100
Processing by HomeController#create as HTML
  Parameters: {"utf8"=>"âœ“", "authenticity_token"=>"rTjiCSLQVUpdbBEQOBxBUoYQaPizue+qK2S6YHwhHMULU56X0GKl6u2ecr/mBlsCyNps9oMK6I1gK0dpGtlnoA==", "comment"=>"rrrr", "commit"=>"Save"}
  [1m[35m (0.1ms)[0m  [1m[36mbegin transaction[0m
  â†³ app/controllers/home_controller.rb:8
  [1m[36mComment Create (6.9ms)[0m  [1m[32mINSERT INTO "comments" ("created_at", "updated_at", "content") VALUES (?, ?, ?)[0m  [["created_at", "2018-11-07 16:29:07.233253"], ["updated_at", "2018-11-07 16:29:07.233253"], ["content", "rrrr"]]
  â†³ app/controllers/home_controller.rb:8
  [1m[35m (3.8ms)[0m  [1m[36mcommit transaction[0m
  â†³ app/controllers/home_controller.rb:8
Completed 500 Internal Server Error in 35ms (ActiveRecord: 10.8ms)


  
NoMethodError (undefined method `content' for #<Class:0x007f8364768088>
Did you mean?  const_set):
  
app/controllers/home_controller.rb:12:in `create'
Started POST "/home" for 127.0.0.1 at 2018-11-07 17:29:14 +0100
Processing by HomeController#create as HTML
  Parameters: {"utf8"=>"âœ“", "authenticity_token"=>"rTjiCSLQVUpdbBEQOBxBUoYQaPizue+qK2S6YHwhHMULU56X0GKl6u2ecr/mBlsCyNps9oMK6I1gK0dpGtlnoA==", "comment"=>"rrrr", "commit"=>"Save"}
  [1m[35m (0.0ms)[0m  [1m[36mbegin transaction[0m
  â†³ app/controllers/home_controller.rb:8
  [1m[36mComment Create (4.0ms)[0m  [1m[32mINSERT INTO "comments" ("created_at", "updated_at", "content") VALUES (?, ?, ?)[0m  [["created_at", "2018-11-07 16:29:14.801374"], ["updated_at", "2018-11-07 16:29:14.801374"], ["content", "rrrr"]]
  â†³ app/controllers/home_controller.rb:8
  [1m[35m (4.8ms)[0m  [1m[36mcommit transaction[0m
  â†³ app/controllers/home_controller.rb:8
No template found for HomeController#create, rendering head :no_content
Completed 204 No Content in 75ms (ActiveRecord: 9.2ms)


Started POST "/home" for 127.0.0.1 at 2018-11-07 17:29:26 +0100
Processing by HomeController#create as HTML
  Parameters: {"utf8"=>"âœ“", "authenticity_token"=>"rTjiCSLQVUpdbBEQOBxBUoYQaPizue+qK2S6YHwhHMULU56X0GKl6u2ecr/mBlsCyNps9oMK6I1gK0dpGtlnoA==", "comment"=>"rrrr", "commit"=>"Save"}
  [1m[35m (0.1ms)[0m  [1m[36mbegin transaction[0m
  â†³ app/controllers/home_controller.rb:8
  [1m[36mComment Create (5.4ms)[0m  [1m[32mINSERT INTO "comments" ("created_at", "updated_at", "content") VALUES (?, ?, ?)[0m  [["created_at", "2018-11-07 16:29:26.615774"], ["updated_at", "2018-11-07 16:29:26.615774"], ["content", "rrrr"]]
  â†³ app/controllers/home_controller.rb:8
  [1m[35m (5.5ms)[0m  [1m[36mcommit transaction[0m
  â†³ app/controllers/home_controller.rb:8
No template found for HomeController#create, rendering head :no_content
Completed 204 No Content in 91ms (ActiveRecord: 11.4ms)


Started GET "/" for 127.0.0.1 at 2018-11-07 17:29:40 +0100
Processing by HomeController#index as HTML
  Rendering home/index.html.erb within layouts/application
  [1m[36mUser Load (0.1ms)[0m  [1m[34mSELECT  "users".* FROM "users" WHERE "users"."id" = ? ORDER BY "users"."id" ASC LIMIT ?[0m  [["id", 1], ["LIMIT", 1]]
  â†³ app/views/home/index.html.erb:1
  Rendered home/index.html.erb within layouts/application (20.6ms)
Completed 200 OK in 42ms (Views: 38.6ms | ActiveRecord: 2.7ms)


Started GET "/" for 127.0.0.1 at 2018-11-07 17:31:03 +0100
Processing by HomeController#index as HTML
  Rendering home/index.html.erb within layouts/application
  [1m[36mUser Load (0.2ms)[0m  [1m[34mSELECT  "users".* FROM "users" WHERE "users"."id" = ? ORDER BY "users"."id" ASC LIMIT ?[0m  [["id", 1], ["LIMIT", 1]]
  â†³ app/views/home/index.html.erb:1
  Rendered home/index.html.erb within layouts/application (1.7ms)
Completed 200 OK in 63ms (Views: 62.1ms | ActiveRecord: 0.2ms)


Started GET "/" for 127.0.0.1 at 2018-11-07 17:31:18 +0100
Processing by HomeController#index as HTML
  Rendering home/index.html.erb within layouts/application
  [1m[36mUser Load (0.1ms)[0m  [1m[34mSELECT  "users".* FROM "users" WHERE "users"."id" = ? ORDER BY "users"."id" ASC LIMIT ?[0m  [["id", 1], ["LIMIT", 1]]
  â†³ app/views/home/index.html.erb:1
  Rendered home/index.html.erb within layouts/application (4.6ms)
Completed 200 OK in 40ms (Views: 39.7ms | ActiveRecord: 0.1ms)


Started GET "/" for 127.0.0.1 at 2018-11-07 17:31:30 +0100
Processing by HomeController#index as HTML
  Rendering home/index.html.erb within layouts/application
  [1m[36mUser Load (0.1ms)[0m  [1m[34mSELECT  "users".* FROM "users" WHERE "users"."id" = ? ORDER BY "users"."id" ASC LIMIT ?[0m  [["id", 1], ["LIMIT", 1]]
  â†³ app/views/home/index.html.erb:1
  Rendered home/index.html.erb within layouts/application (3.8ms)
Completed 200 OK in 46ms (Views: 45.5ms | ActiveRecord: 0.1ms)


Started GET "/" for 127.0.0.1 at 2018-11-07 17:31:38 +0100
Processing by HomeController#index as HTML
  Rendering home/index.html.erb within layouts/application
  [1m[36mUser Load (0.2ms)[0m  [1m[34mSELECT  "users".* FROM "users" WHERE "users"."id" = ? ORDER BY "users"."id" ASC LIMIT ?[0m  [["id", 1], ["LIMIT", 1]]
  â†³ app/views/home/index.html.erb:1
  Rendered home/index.html.erb within layouts/application (3.4ms)
Completed 200 OK in 47ms (Views: 46.3ms | ActiveRecord: 0.2ms)


Started POST "/home" for 127.0.0.1 at 2018-11-07 17:32:07 +0100
Processing by HomeController#create as HTML
  Parameters: {"utf8"=>"âœ“", "authenticity_token"=>"LtO4258FqklsgTjJ8tmSl/QBO2P+M5nIQBRd4jA7aWyIuMRFbbda6dxzW2Ysw4jHuss/bc6Anu8LW6DrVsMSCQ==", "comment"=>"aaaaa", "commit"=>"Save"}
  [1m[35m (0.1ms)[0m  [1m[36mbegin transaction[0m
  â†³ app/controllers/home_controller.rb:8
  [1m[36mComment Create (7.8ms)[0m  [1m[32mINSERT INTO "comments" ("created_at", "updated_at", "content") VALUES (?, ?, ?)[0m  [["created_at", "2018-11-07 16:32:07.083938"], ["updated_at", "2018-11-07 16:32:07.083938"], ["content", "aaaaa"]]
  â†³ app/controllers/home_controller.rb:8
  [1m[35m (5.7ms)[0m  [1m[36mcommit transaction[0m
  â†³ app/controllers/home_controller.rb:8
No template found for HomeController#create, rendering head :no_content
Completed 204 No Content in 96ms (ActiveRecord: 14.0ms)


Started GET "/" for 127.0.0.1 at 2018-11-07 17:36:11 +0100
Processing by HomeController#index as HTML
  Rendering home/index.html.erb within layouts/application
  [1m[36mUser Load (0.1ms)[0m  [1m[34mSELECT  "users".* FROM "users" WHERE "users"."id" = ? ORDER BY "users"."id" ASC LIMIT ?[0m  [["id", 1], ["LIMIT", 1]]
  â†³ app/views/home/index.html.erb:1
  [1m[36mComment Load (0.4ms)[0m  [1m[34mSELECT "comments".* FROM "comments" ORDER BY create_at DESC[0m
  â†³ app/views/home/index.html.erb:23
  Rendered home/index.html.erb within layouts/application (30.8ms)
Completed 500 Internal Server Error in 36ms (ActiveRecord: 1.1ms)


  
ActionView::Template::Error (SQLite3::SQLException: no such column: create_at: SELECT "comments".* FROM "comments" ORDER BY create_at DESC):
    20: </div>
    21: 
    22: 
    23: <%= @comment.each do |c|%>
    24: 
    25:   <p><%= c.content%> </p>
    26: 
  
app/views/home/index.html.erb:23:in `_app_views_home_index_html_erb___2486074007672439731_33936680'
Started GET "/" for 127.0.0.1 at 2018-11-07 17:37:16 +0100
Processing by HomeController#index as HTML
  Rendering home/index.html.erb within layouts/application
  [1m[36mUser Load (0.2ms)[0m  [1m[34mSELECT  "users".* FROM "users" WHERE "users"."id" = ? ORDER BY "users"."id" ASC LIMIT ?[0m  [["id", 1], ["LIMIT", 1]]
  â†³ app/views/home/index.html.erb:1
  [1m[36mComment Load (0.5ms)[0m  [1m[34mSELECT "comments".* FROM "comments" ORDER BY create_at DESC[0m
  â†³ app/views/home/index.html.erb:50
  Rendered home/index.html.erb within layouts/application (9.6ms)
Completed 500 Internal Server Error in 11ms (ActiveRecord: 0.6ms)


  
ActionView::Template::Error (SQLite3::SQLException: no such column: create_at: SELECT "comments".* FROM "comments" ORDER BY create_at DESC):
    47: <button type="button">j aime pas()</button>
    48: </div>
    49: 
    50: <%= @comment.each do |c|%>
    51: 
    52:   <p><%= c.content%> </p>
    53: 
  
app/views/home/index.html.erb:50:in `_app_views_home_index_html_erb___2486074007672439731_70101218476040'
Started GET "/" for 127.0.0.1 at 2018-11-07 17:37:28 +0100
Processing by HomeController#index as HTML
  Rendering home/index.html.erb within layouts/application
  [1m[36mUser Load (0.2ms)[0m  [1m[34mSELECT  "users".* FROM "users" WHERE "users"."id" = ? ORDER BY "users"."id" ASC LIMIT ?[0m  [["id", 1], ["LIMIT", 1]]
  â†³ app/views/home/index.html.erb:1
  Rendered home/index.html.erb within layouts/application (4.7ms)
Completed 200 OK in 37ms (Views: 35.9ms | ActiveRecord: 0.2ms)


